<?xml version="1.0" encoding="UTF-8"?>
<!-- Generated by org.testng.reporters.JUnitXMLReporter -->
<testsuite ignored="1" hostname="DESKTOP-0I6CSJR" failures="0" tests="9" name="CurrentAccount" time="0.06" errors="0" timestamp="2025-04-02T09:43:27 IST">
  <testcase classname="Pack1.CurrentACTestClass2" name="test1" time="0.01"/>
  <testcase classname="Pack1.CurrentACTestClass2" name="test2" time="0.001"/>
  <testcase classname="Pack1.CurrentACTestClass1" name="test1" time="0.003"/>
  <testcase classname="Pack1.CurrentACTestClass1" name="test2" time="0.001"/>
  <testcase classname="Pack1.LoanDeperatment" name="APILoginAutomobileLoan" time="0.001"/>
  <testcase classname="Pack1.LoanDeperatment" name="APILoginPersonalLoan" time="0.001"/>
  <testcase classname="Pack1.LoanDeperatment" name="MobileLogincLoan" time="0.001"/>
  <testcase classname="Pack1.LoanDeperatment" name="WebLoginAutomobileLoan" time="0.002"/>
  <testcase classname="Pack1.LoanDeperatment" name="WebLoginPersonalLoan" time="0.001"/>
  <testcase classname="Pack1.LoanDeperatment" name="MobileLoginPersonalLoan" time="0.0">
    <ignored/>
  </testcase> <!-- MobileLoginPersonalLoan -->
</testsuite> <!-- CurrentAccount -->
