<?xml version="1.0" encoding="UTF-8"?>
<testng-results ignored="0" total="2" passed="2" failed="0" skipped="0">
  <reporter-output>
  </reporter-output>
  <suite started-at="2025-04-02T10:12:46 IST" name="Default suite" finished-at="2025-04-02T10:12:47 IST" duration-ms="52">
    <groups>
    </groups>
    <test started-at="2025-04-02T10:12:46 IST" name="Default test" finished-at="2025-04-02T10:12:47 IST" duration-ms="52">
      <class name="Pack1.Testcase1">
        <test-method is-config="true" signature="beforeMethod()[pri:0, instance:Pack1.Testcase1@6a192cfe]" started-at="2025-04-02T10:12:47 IST" name="beforeMethod" finished-at="2025-04-02T10:12:47 IST" duration-ms="6" status="PASS">
          <reporter-output>
          </reporter-output>
        </test-method> <!-- beforeMethod -->
        <test-method signature="Test1()[pri:0, instance:Pack1.Testcase1@6a192cfe]" started-at="2025-04-02T10:12:47 IST" name="Test1" finished-at="2025-04-02T10:12:47 IST" duration-ms="9" status="PASS">
          <reporter-output>
          </reporter-output>
        </test-method> <!-- Test1 -->
        <test-method is-config="true" signature="afterMethod()[pri:0, instance:Pack1.Testcase1@6a192cfe]" started-at="2025-04-02T10:12:47 IST" name="afterMethod" finished-at="2025-04-02T10:12:47 IST" duration-ms="0" status="PASS">
          <reporter-output>
          </reporter-output>
        </test-method> <!-- afterMethod -->
        <test-method is-config="true" signature="beforeMethod()[pri:0, instance:Pack1.Testcase1@6a192cfe]" started-at="2025-04-02T10:12:47 IST" name="beforeMethod" finished-at="2025-04-02T10:12:47 IST" duration-ms="0" status="PASS">
          <reporter-output>
          </reporter-output>
        </test-method> <!-- beforeMethod -->
        <test-method signature="Test2()[pri:0, instance:Pack1.Testcase1@6a192cfe]" started-at="2025-04-02T10:12:47 IST" name="Test2" finished-at="2025-04-02T10:12:47 IST" duration-ms="1" status="PASS">
          <reporter-output>
          </reporter-output>
        </test-method> <!-- Test2 -->
        <test-method is-config="true" signature="afterMethod()[pri:0, instance:Pack1.Testcase1@6a192cfe]" started-at="2025-04-02T10:12:47 IST" name="afterMethod" finished-at="2025-04-02T10:12:47 IST" duration-ms="0" status="PASS">
          <reporter-output>
          </reporter-output>
        </test-method> <!-- afterMethod -->
      </class> <!-- Pack1.Testcase1 -->
    </test> <!-- Default test -->
  </suite> <!-- Default suite -->
</testng-results>
